exit_status=1
--- last 400 lines ---
Fetching distribution.
Downloading https://downloads.gradle.org/distributions/gradle-9.5.1-bin.zip
.............10%.............20%..............30%.............40%.............50%..............60%.............70%..............80%.............90%.............100%

Welcome to Gradle 9.5.1!

Here are the highlights of this release:
 - Task provenance in reports and failure messages
 - Type-safe accessors for precompiled Kotlin Settings plugins

For more details see https://docs.gradle.org/9.5.1/release-notes.html

To honour the JVM settings for this build a single-use Daemon process will be forked. For more on this, please refer to https://docs.gradle.org/9.5.1/userguide/gradle_daemon.html#sec:disabling_the_daemon in the Gradle documentation.
Daemon will be stopped at the end of the build 

> Configure project :
Inferred project: rewrite-spring, version: 0.1.0-SNAPSHOT

> Task :compileJava
warning: [options] source value 8 is obsolete and will be removed in a future release
warning: [options] target value 8 is obsolete and will be removed in a future release
warning: [options] To suppress warnings about obsolete options, use -Xlint:-options.
warning: unknown enum constant ElementType.MODULE
warning: unknown enum constant ElementType.MODULE
/home/runner/work/rewrite-spring/rewrite-spring/src/main/java/org/openrewrite/java/spring/boot3/AddRouteTrailingSlash.java:67: warning: non-varargs call of varargs method with inexact argument type for last parameter;
                        J.Annotation replacement = JavaTemplate.apply("{#{any(String)}, #{any(String)}}", getCursor(), anno.getCoordinates().replaceArguments(), buildTwoStringsArray(str));
                                                                                                                                                                                     ^
  cast to Object for a varargs call
  cast to Object[] for a non-varargs call and to suppress this warning
/home/runner/work/rewrite-spring/rewrite-spring/src/main/java/org/openrewrite/java/spring/boot3/AddRouteTrailingSlash.java:86: warning: non-varargs call of varargs method with inexact argument type for last parameter;
                                                    buildTwoStringsArray(str)).getArguments().get(0);
                                                                        ^
  cast to Object for a varargs call
  cast to Object[] for a non-varargs call and to suppress this warning
/home/runner/work/rewrite-spring/rewrite-spring/src/main/java/org/openrewrite/java/spring/data/search/MongoValueRepresentationDiagnostics.java:100: error: owningType has private access in Occurrence
                    occurrence.sourcePath.toString(), occurrence.owningType, occurrence.field,
                                                                ^
/home/runner/work/rewrite-spring/rewrite-spring/src/main/java/org/openrewrite/java/spring/data/search/MongoValueRepresentationDiagnostics.java:100: error: field has private access in Occurrence
                    occurrence.sourcePath.toString(), occurrence.owningType, occurrence.field,
                                                                                       ^
/home/runner/work/rewrite-spring/rewrite-spring/src/main/java/org/openrewrite/java/spring/data/search/MongoValueRepresentationDiagnostics.java:101: error: kind has private access in Occurrence
                    occurrence.kind.displayName, occurrence.kind.configurationProperty));
                              ^
/home/runner/work/rewrite-spring/rewrite-spring/src/main/java/org/openrewrite/java/spring/data/search/MongoValueRepresentationDiagnostics.java:101: error: kind has private access in Occurrence
                    occurrence.kind.displayName, occurrence.kind.configurationProperty));
                                                           ^
/home/runner/work/rewrite-spring/rewrite-spring/src/main/java/org/openrewrite/java/spring/data/search/MongoValueRepresentationDiagnostics.java:100: error: sourcePath has private access in Occurrence
                    occurrence.sourcePath.toString(), occurrence.owningType, occurrence.field,
                              ^
/home/runner/work/rewrite-spring/rewrite-spring/src/main/java/org/openrewrite/java/spring/data/search/MongoValueRepresentationDiagnostics.java:108: error: sourcePath has private access in Occurrence
                .min(Comparator.comparing((Occurrence occurrence) -> occurrence.sourcePath.toString())
                                                                               ^
/home/runner/work/rewrite-spring/rewrite-spring/src/main/java/org/openrewrite/java/spring/data/search/MongoValueRepresentationDiagnostics.java:111: error: kind has private access in Occurrence
                        .thenComparing(occurrence -> occurrence.kind.name()))
                                                               ^
/home/runner/work/rewrite-spring/rewrite-spring/src/main/java/org/openrewrite/java/spring/data/search/MongoValueRepresentationDiagnostics.java:113: error: sourcePath has private access in Occurrence
        if (target == null || !source.getSourcePath().equals(target.sourcePath) ||
                                                                   ^
/home/runner/work/rewrite-spring/rewrite-spring/src/main/java/org/openrewrite/java/spring/data/search/MongoValueRepresentationDiagnostics.java:117: error: owningClassId has private access in Occurrence
        SourceFile marked = markJavaClass((JavaSourceFile) source, target.owningClassId,
                                                                         ^
/home/runner/work/rewrite-spring/rewrite-spring/src/main/java/org/openrewrite/java/spring/data/search/MongoValueRepresentationDiagnostics.java:136: error: treeId has private access in ConfigurationIssue
            kinds.put(issue.treeId, issue.kind);
                           ^
/home/runner/work/rewrite-spring/rewrite-spring/src/main/java/org/openrewrite/java/spring/data/search/MongoValueRepresentationDiagnostics.java:136: error: kind has private access in ConfigurationIssue
            kinds.put(issue.treeId, issue.kind);
                                         ^
/home/runner/work/rewrite-spring/rewrite-spring/src/main/java/org/openrewrite/java/spring/data/search/MongoValueRepresentationDiagnostics.java:172: error: kind has private access in Occurrence
            if ((occurrence.kind == ValueKind.UUID && !acc.uuidConfigured.contains(project)) ||
                           ^
/home/runner/work/rewrite-spring/rewrite-spring/src/main/java/org/openrewrite/java/spring/data/search/MongoValueRepresentationDiagnostics.java:173: error: kind has private access in Occurrence
                    (occurrence.kind == ValueKind.BIG_NUMBER && !acc.bigNumberConfigured.contains(project))) {
                               ^
/home/runner/work/rewrite-spring/rewrite-spring/src/main/java/org/openrewrite/java/spring/data/search/MongoValueRepresentationDiagnostics.java:185: error: sourcePath has private access in ConfigurationIssue
            if (issue.sourcePath.equals(sourcePath) &&
                     ^
/home/runner/work/rewrite-spring/rewrite-spring/src/main/java/org/openrewrite/java/spring/data/search/MongoValueRepresentationDiagnostics.java:186: error: kind has private access in ConfigurationIssue
                    ((issue.kind == ValueKind.UUID && !acc.uuidConfigured.contains(project)) ||
                           ^
/home/runner/work/rewrite-spring/rewrite-spring/src/main/java/org/openrewrite/java/spring/data/search/MongoValueRepresentationDiagnostics.java:187: error: kind has private access in ConfigurationIssue
                            (issue.kind == ValueKind.BIG_NUMBER && !acc.bigNumberConfigured.contains(project)))) {
                                  ^
/home/runner/work/rewrite-spring/rewrite-spring/src/main/java/org/openrewrite/java/spring/data/search/MongoValueRepresentationDiagnostics.java:195: error: kind has private access in Occurrence
        return occurrences.stream().anyMatch(occurrence -> occurrence.kind == kind);
                                                                     ^
Note: Some input files use or override a deprecated API.
Note: Recompile with -Xlint:deprecation for details.
Note: Some input files use unchecked or unsafe operations.
Note: Recompile with -Xlint:unchecked for details.
17 errors
7 warnings

> Task :compileJava FAILED

[Incubating] Problems report is available at: file:///home/runner/work/rewrite-spring/rewrite-spring/build/reports/problems/problems-report.html

FAILURE: Build failed with an exception.

* What went wrong:
Execution failed for task ':compileJava' (registered by plugin class 'org.gradle.api.plugins.JavaBasePlugin').
> Compilation failed; see the compiler output below.
  warning: [options] source value 8 is obsolete and will be removed in a future release
  17 errors
  7 warnings

* Exception is:
org.gradle.api.tasks.TaskExecutionException: Execution failed for task ':compileJava' (registered by plugin class 'org.gradle.api.plugins.JavaBasePlugin').
	at org.gradle.api.internal.tasks.execution.ExecuteActionsTaskExecuter.lambda$executeIfValid$1(ExecuteActionsTaskExecuter.java:135)
	at org.gradle.internal.Try$Failure.ifSuccessfulOrElse(Try.java:288)
	at org.gradle.api.internal.tasks.execution.ExecuteActionsTaskExecuter.executeIfValid(ExecuteActionsTaskExecuter.java:133)
	at org.gradle.api.internal.tasks.execution.ExecuteActionsTaskExecuter.execute(ExecuteActionsTaskExecuter.java:121)
	at org.gradle.api.internal.tasks.execution.ProblemsTaskPathTrackingTaskExecuter.execute(ProblemsTaskPathTrackingTaskExecuter.java:41)
	at org.gradle.api.internal.tasks.execution.ResolveTaskExecutionModeExecuter.execute(ResolveTaskExecutionModeExecuter.java:51)
	at org.gradle.api.internal.tasks.execution.FinalizePropertiesTaskExecuter.execute(FinalizePropertiesTaskExecuter.java:46)
	at org.gradle.api.internal.tasks.execution.SkipTaskWithNoActionsExecuter.execute(SkipTaskWithNoActionsExecuter.java:57)
	at org.gradle.api.internal.tasks.execution.SkipOnlyIfTaskExecuter.execute(SkipOnlyIfTaskExecuter.java:74)
	at org.gradle.api.internal.tasks.execution.CatchExceptionTaskExecuter.execute(CatchExceptionTaskExecuter.java:36)
	at org.gradle.api.internal.tasks.execution.EventFiringTaskExecuter$1.executeTask(EventFiringTaskExecuter.java:77)
	at org.gradle.api.internal.tasks.execution.EventFiringTaskExecuter$1.call(EventFiringTaskExecuter.java:55)
	at org.gradle.api.internal.tasks.execution.EventFiringTaskExecuter$1.call(EventFiringTaskExecuter.java:52)
	at org.gradle.internal.operations.DefaultBuildOperationRunner$CallableBuildOperationWorker.execute(DefaultBuildOperationRunner.java:210)
	at org.gradle.internal.operations.DefaultBuildOperationRunner$CallableBuildOperationWorker.execute(DefaultBuildOperationRunner.java:205)
	at org.gradle.internal.operations.DefaultBuildOperationRunner$2.execute(DefaultBuildOperationRunner.java:67)
	at org.gradle.internal.operations.DefaultBuildOperationRunner$2.execute(DefaultBuildOperationRunner.java:60)
	at org.gradle.internal.operations.DefaultBuildOperationRunner.execute(DefaultBuildOperationRunner.java:167)
	at org.gradle.internal.operations.DefaultBuildOperationRunner.execute(DefaultBuildOperationRunner.java:60)
	at org.gradle.internal.operations.DefaultBuildOperationRunner.call(DefaultBuildOperationRunner.java:54)
	at org.gradle.api.internal.tasks.execution.EventFiringTaskExecuter.execute(EventFiringTaskExecuter.java:52)
	at org.gradle.execution.plan.DefaultNodeExecutor.executeLocalTaskNode(DefaultNodeExecutor.java:55)
	at org.gradle.execution.plan.DefaultNodeExecutor.execute(DefaultNodeExecutor.java:34)
	at org.gradle.execution.taskgraph.DefaultTaskExecutionGraph$InvokeNodeExecutorsAction.execute(DefaultTaskExecutionGraph.java:355)
	at org.gradle.execution.taskgraph.DefaultTaskExecutionGraph$InvokeNodeExecutorsAction.execute(DefaultTaskExecutionGraph.java:343)
	at org.gradle.execution.taskgraph.DefaultTaskExecutionGraph$BuildOperationAwareExecutionAction.lambda$execute$0(DefaultTaskExecutionGraph.java:339)
	at org.gradle.internal.operations.CurrentBuildOperationRef.with(CurrentBuildOperationRef.java:84)
	at org.gradle.execution.taskgraph.DefaultTaskExecutionGraph$BuildOperationAwareExecutionAction.execute(DefaultTaskExecutionGraph.java:339)
	at org.gradle.execution.taskgraph.DefaultTaskExecutionGraph$BuildOperationAwareExecutionAction.execute(DefaultTaskExecutionGraph.java:328)
	at org.gradle.execution.plan.DefaultPlanExecutor$ExecutorWorker.execute(DefaultPlanExecutor.java:459)
	at org.gradle.execution.plan.DefaultPlanExecutor$ExecutorWorker.run(DefaultPlanExecutor.java:376)
	at org.gradle.internal.concurrent.ExecutorPolicy$CatchAndRecordFailures.onExecute(ExecutorPolicy.java:64)
	at org.gradle.internal.concurrent.AbstractManagedExecutor$1.run(AbstractManagedExecutor.java:47)
Caused by: org.gradle.api.internal.tasks.compile.CompilationFailedException: Compilation failed; see the compiler output below.
warning: [options] source value 8 is obsolete and will be removed in a future release
warning: [options] target value 8 is obsolete and will be removed in a future release
warning: [options] To suppress warnings about obsolete options, use -Xlint:-options.
warning: unknown enum constant ElementType.MODULE
warning: unknown enum constant ElementType.MODULE
/home/runner/work/rewrite-spring/rewrite-spring/src/main/java/org/openrewrite/java/spring/boot3/AddRouteTrailingSlash.java:67: warning: non-varargs call of varargs method with inexact argument type for last parameter;
                        J.Annotation replacement = JavaTemplate.apply("{#{any(String)}, #{any(String)}}", getCursor(), anno.getCoordinates().replaceArguments(), buildTwoStringsArray(str));
                                                                                                                                                                                     ^
  cast to Object for a varargs call
  cast to Object[] for a non-varargs call and to suppress this warning
/home/runner/work/rewrite-spring/rewrite-spring/src/main/java/org/openrewrite/java/spring/boot3/AddRouteTrailingSlash.java:86: warning: non-varargs call of varargs method with inexact argument type for last parameter;
                                                    buildTwoStringsArray(str)).getArguments().get(0);
                                                                        ^
  cast to Object for a varargs call
  cast to Object[] for a non-varargs call and to suppress this warning
/home/runner/work/rewrite-spring/rewrite-spring/src/main/java/org/openrewrite/java/spring/data/search/MongoValueRepresentationDiagnostics.java:100: error: owningType has private access in Occurrence
                    occurrence.sourcePath.toString(), occurrence.owningType, occurrence.field,
                                                                ^
/home/runner/work/rewrite-spring/rewrite-spring/src/main/java/org/openrewrite/java/spring/data/search/MongoValueRepresentationDiagnostics.java:100: error: field has private access in Occurrence
                    occurrence.sourcePath.toString(), occurrence.owningType, occurrence.field,
                                                                                       ^
/home/runner/work/rewrite-spring/rewrite-spring/src/main/java/org/openrewrite/java/spring/data/search/MongoValueRepresentationDiagnostics.java:101: error: kind has private access in Occurrence
                    occurrence.kind.displayName, occurrence.kind.configurationProperty));
                              ^
/home/runner/work/rewrite-spring/rewrite-spring/src/main/java/org/openrewrite/java/spring/data/search/MongoValueRepresentationDiagnostics.java:101: error: kind has private access in Occurrence
                    occurrence.kind.displayName, occurrence.kind.configurationProperty));
                                                           ^
/home/runner/work/rewrite-spring/rewrite-spring/src/main/java/org/openrewrite/java/spring/data/search/MongoValueRepresentationDiagnostics.java:100: error: sourcePath has private access in Occurrence
                    occurrence.sourcePath.toString(), occurrence.owningType, occurrence.field,
                              ^
/home/runner/work/rewrite-spring/rewrite-spring/src/main/java/org/openrewrite/java/spring/data/search/MongoValueRepresentationDiagnostics.java:108: error: sourcePath has private access in Occurrence
                .min(Comparator.comparing((Occurrence occurrence) -> occurrence.sourcePath.toString())
                                                                               ^
/home/runner/work/rewrite-spring/rewrite-spring/src/main/java/org/openrewrite/java/spring/data/search/MongoValueRepresentationDiagnostics.java:111: error: kind has private access in Occurrence
                        .thenComparing(occurrence -> occurrence.kind.name()))
                                                               ^
/home/runner/work/rewrite-spring/rewrite-spring/src/main/java/org/openrewrite/java/spring/data/search/MongoValueRepresentationDiagnostics.java:113: error: sourcePath has private access in Occurrence
        if (target == null || !source.getSourcePath().equals(target.sourcePath) ||
                                                                   ^
/home/runner/work/rewrite-spring/rewrite-spring/src/main/java/org/openrewrite/java/spring/data/search/MongoValueRepresentationDiagnostics.java:117: error: owningClassId has private access in Occurrence
        SourceFile marked = markJavaClass((JavaSourceFile) source, target.owningClassId,
                                                                         ^
/home/runner/work/rewrite-spring/rewrite-spring/src/main/java/org/openrewrite/java/spring/data/search/MongoValueRepresentationDiagnostics.java:136: error: treeId has private access in ConfigurationIssue
            kinds.put(issue.treeId, issue.kind);
                           ^
/home/runner/work/rewrite-spring/rewrite-spring/src/main/java/org/openrewrite/java/spring/data/search/MongoValueRepresentationDiagnostics.java:136: error: kind has private access in ConfigurationIssue
            kinds.put(issue.treeId, issue.kind);
                                         ^
/home/runner/work/rewrite-spring/rewrite-spring/src/main/java/org/openrewrite/java/spring/data/search/MongoValueRepresentationDiagnostics.java:172: error: kind has private access in Occurrence
            if ((occurrence.kind == ValueKind.UUID && !acc.uuidConfigured.contains(project)) ||
                           ^
/home/runner/work/rewrite-spring/rewrite-spring/src/main/java/org/openrewrite/java/spring/data/search/MongoValueRepresentationDiagnostics.java:173: error: kind has private access in Occurrence
                    (occurrence.kind == ValueKind.BIG_NUMBER && !acc.bigNumberConfigured.contains(project))) {
                               ^
/home/runner/work/rewrite-spring/rewrite-spring/src/main/java/org/openrewrite/java/spring/data/search/MongoValueRepresentationDiagnostics.java:185: error: sourcePath has private access in ConfigurationIssue
            if (issue.sourcePath.equals(sourcePath) &&
                     ^
/home/runner/work/rewrite-spring/rewrite-spring/src/main/java/org/openrewrite/java/spring/data/search/MongoValueRepresentationDiagnostics.java:186: error: kind has private access in ConfigurationIssue
                    ((issue.kind == ValueKind.UUID && !acc.uuidConfigured.contains(project)) ||
                           ^
/home/runner/work/rewrite-spring/rewrite-spring/src/main/java/org/openrewrite/java/spring/data/search/MongoValueRepresentationDiagnostics.java:187: error: kind has private access in ConfigurationIssue
                            (issue.kind == ValueKind.BIG_NUMBER && !acc.bigNumberConfigured.contains(project)))) {
                                  ^
/home/runner/work/rewrite-spring/rewrite-spring/src/main/java/org/openrewrite/java/spring/data/search/MongoValueRepresentationDiagnostics.java:195: error: kind has private access in Occurrence
        return occurrences.stream().anyMatch(occurrence -> occurrence.kind == kind);
                                                                     ^
Note: Some input files use or override a deprecated API.
Note: Recompile with -Xlint:deprecation for details.
Note: Some input files use unchecked or unsafe operations.
Note: Recompile with -Xlint:unchecked for details.
17 errors
7 warnings
	at org.gradle.api.internal.tasks.compile.JdkJavaCompiler.execute(JdkJavaCompiler.java:89)
	at org.gradle.api.internal.tasks.compile.JdkJavaCompiler.execute(JdkJavaCompiler.java:50)
	at org.gradle.api.internal.tasks.compile.daemon.CompilerWorkAction.execute(CompilerWorkAction.java:52)
	at org.gradle.workers.internal.DefaultWorkerServer.execute(DefaultWorkerServer.java:68)
	at org.gradle.workers.internal.AbstractClassLoaderWorker$1.create(AbstractClassLoaderWorker.java:54)
	at org.gradle.workers.internal.AbstractClassLoaderWorker$1.create(AbstractClassLoaderWorker.java:48)
	at org.gradle.internal.classloader.ClassLoaderUtils.executeInClassloader(ClassLoaderUtils.java:102)
	at org.gradle.workers.internal.AbstractClassLoaderWorker.executeInClassLoader(AbstractClassLoaderWorker.java:48)
	at org.gradle.workers.internal.FlatClassLoaderWorker.run(FlatClassLoaderWorker.java:32)
	at org.gradle.workers.internal.FlatClassLoaderWorker.run(FlatClassLoaderWorker.java:22)
	at org.gradle.workers.internal.WorkerDaemonServer.run(WorkerDaemonServer.java:108)
	at org.gradle.workers.internal.WorkerDaemonServer.run(WorkerDaemonServer.java:77)
	at org.gradle.process.internal.worker.request.WorkerAction.lambda$run$1(WorkerAction.java:150)
	at org.gradle.process.internal.worker.child.WorkerLogEventListener.withWorkerLoggingProtocol(WorkerLogEventListener.java:41)
	at org.gradle.process.internal.worker.request.WorkerAction.lambda$run$2(WorkerAction.java:150)
	at org.gradle.internal.operations.CurrentBuildOperationRef.with(CurrentBuildOperationRef.java:84)
	at org.gradle.process.internal.worker.request.WorkerAction.run(WorkerAction.java:142)
	at org.gradle.internal.dispatch.MethodInvocation.invokeOn(MethodInvocation.java:77)
	at org.gradle.internal.dispatch.ReflectionDispatch.dispatch(ReflectionDispatch.java:28)
	at org.gradle.internal.dispatch.ReflectionDispatch.dispatch(ReflectionDispatch.java:19)
	at org.gradle.internal.remote.internal.hub.MessageHubBackedObjectConnection$DispatchWrapper.dispatch(MessageHubBackedObjectConnection.java:182)
	at org.gradle.internal.remote.internal.hub.MessageHubBackedObjectConnection$DispatchWrapper.dispatch(MessageHubBackedObjectConnection.java:164)
	at org.gradle.internal.remote.internal.hub.MessageHub$Handler.run(MessageHub.java:414)
	at org.gradle.internal.concurrent.ExecutorPolicy$CatchAndRecordFailures.onExecute(ExecutorPolicy.java:64)
	at org.gradle.internal.concurrent.AbstractManagedExecutor$1.run(AbstractManagedExecutor.java:47)


BUILD FAILED in 1m 26s
1 actionable task: 1 executed
